<?xml version="1.0" encoding="utf-8"?><testsuites name="pytest tests"><testsuite name="pytest" errors="0" failures="2" skipped="0" tests="16" time="8.191" timestamp="2026-02-26T14:56:24.126417+00:00" hostname="agent-env-ff0846e5-e7a7-4d56-82c9-0a2e1de42f83"><testcase classname="backend.tests.test_admin_portfolio.TestAdminAuth" name="test_admin_login_returns_role_admin" time="0.428" /><testcase classname="backend.tests.test_admin_portfolio.TestAdminAuth" name="test_regular_user_login_returns_role_user" time="0.368" /><testcase classname="backend.tests.test_admin_portfolio.TestAdminUsers" name="test_admin_can_get_users_list" time="0.443" /><testcase classname="backend.tests.test_admin_portfolio.TestAdminUsers" name="test_non_admin_cannot_get_users" time="0.427" /><testcase classname="backend.tests.test_admin_portfolio.TestAdminUsers" name="test_admin_can_delete_non_admin_user" time="0.854" /><testcase classname="backend.tests.test_admin_portfolio.TestAdminUsers" name="test_admin_cannot_delete_admin_user" time="0.513" /><testcase classname="backend.tests.test_admin_portfolio.TestAdminUsers" name="test_non_admin_cannot_delete_user" time="0.809"><failure message="assert 200 == 403&#10; +  where 200 = &lt;Response [200]&gt;.status_code">backend/tests/test_admin_portfolio.py:161: in test_non_admin_cannot_delete_user
    assert delete_response.status_code == 403
E   assert 200 == 403
E    +  where 200 = &lt;Response [200]&gt;.status_code</failure></testcase><testcase classname="backend.tests.test_admin_portfolio.TestAdminStats" name="test_admin_can_get_stats" time="0.422" /><testcase classname="backend.tests.test_admin_portfolio.TestAdminStats" name="test_non_admin_cannot_get_stats" time="0.539" /><testcase classname="backend.tests.test_admin_portfolio.TestAdminChatMessages" name="test_admin_can_get_chat_messages" time="0.435" /><testcase classname="backend.tests.test_admin_portfolio.TestAdminChatMessages" name="test_admin_can_delete_chat_message" time="0.859"><failure message="assert 403 == 200&#10; +  where 403 = &lt;Response [403]&gt;.status_code">backend/tests/test_admin_portfolio.py:223: in test_admin_can_delete_chat_message
    assert delete_response.status_code == 200
E   assert 403 == 200
E    +  where 403 = &lt;Response [403]&gt;.status_code</failure></testcase><testcase classname="backend.tests.test_admin_portfolio.TestAdminChatMessages" name="test_non_admin_cannot_access_admin_chat_endpoint" time="0.458" /><testcase classname="backend.tests.test_admin_portfolio.TestPortfolioGroups" name="test_authenticated_user_can_get_portfolio_groups" time="0.462" /><testcase classname="backend.tests.test_admin_portfolio.TestPortfolioGroups" name="test_portfolio_requires_auth" time="0.153" /><testcase classname="backend.tests.test_admin_portfolio.TestPortfolioGroups" name="test_admin_can_access_portfolio" time="0.463" /><testcase classname="backend.tests.test_admin_portfolio.TestPortfolioGroups" name="test_portfolio_groups_have_correct_positions" time="0.473" /></testsuite></testsuites>