<?xml version="1.0" encoding="utf-8"?><testsuites name="pytest tests"><testsuite name="pytest" errors="0" failures="0" skipped="0" tests="16" time="8.939" timestamp="2026-02-26T14:56:58.212363+00:00" hostname="agent-env-ff0846e5-e7a7-4d56-82c9-0a2e1de42f83"><testcase classname="backend.tests.test_admin_portfolio.TestAdminAuth" name="test_admin_login_returns_role_admin" time="0.464" /><testcase classname="backend.tests.test_admin_portfolio.TestAdminAuth" name="test_regular_user_login_returns_role_user" time="0.349" /><testcase classname="backend.tests.test_admin_portfolio.TestAdminUsers" name="test_admin_can_get_users_list" time="0.482" /><testcase classname="backend.tests.test_admin_portfolio.TestAdminUsers" name="test_non_admin_cannot_get_users" time="0.457" /><testcase classname="backend.tests.test_admin_portfolio.TestAdminUsers" name="test_admin_can_delete_non_admin_user" time="0.922" /><testcase classname="backend.tests.test_admin_portfolio.TestAdminUsers" name="test_admin_cannot_delete_admin_user" time="0.605" /><testcase classname="backend.tests.test_admin_portfolio.TestAdminUsers" name="test_non_admin_cannot_delete_user" time="1.041" /><testcase classname="backend.tests.test_admin_portfolio.TestAdminStats" name="test_admin_can_get_stats" time="0.479" /><testcase classname="backend.tests.test_admin_portfolio.TestAdminStats" name="test_non_admin_cannot_get_stats" time="0.469" /><testcase classname="backend.tests.test_admin_portfolio.TestAdminChatMessages" name="test_admin_can_get_chat_messages" time="0.453" /><testcase classname="backend.tests.test_admin_portfolio.TestAdminChatMessages" name="test_admin_can_delete_chat_message" time="1.071" /><testcase classname="backend.tests.test_admin_portfolio.TestAdminChatMessages" name="test_non_admin_cannot_access_admin_chat_endpoint" time="0.529" /><testcase classname="backend.tests.test_admin_portfolio.TestPortfolioGroups" name="test_authenticated_user_can_get_portfolio_groups" time="0.476" /><testcase classname="backend.tests.test_admin_portfolio.TestPortfolioGroups" name="test_portfolio_requires_auth" time="0.129" /><testcase classname="backend.tests.test_admin_portfolio.TestPortfolioGroups" name="test_admin_can_access_portfolio" time="0.494" /><testcase classname="backend.tests.test_admin_portfolio.TestPortfolioGroups" name="test_portfolio_groups_have_correct_positions" time="0.454" /></testsuite></testsuites>