<?xml version="1.0" encoding="utf-8"?><testsuites name="pytest tests"><testsuite name="pytest" errors="0" failures="0" skipped="0" tests="59" time="23.937" timestamp="2026-02-26T16:34:57.028742+00:00" hostname="agent-env-da7daefc-b49d-4fb8-a92d-35d7e732ab0e"><testcase classname="backend.tests.test_admin_portfolio.TestAdminAuth" name="test_admin_login_returns_role_admin" time="0.375" /><testcase classname="backend.tests.test_admin_portfolio.TestAdminAuth" name="test_regular_user_login_returns_role_user" time="0.380" /><testcase classname="backend.tests.test_admin_portfolio.TestAdminUsers" name="test_admin_can_get_users_list" time="0.396" /><testcase classname="backend.tests.test_admin_portfolio.TestAdminUsers" name="test_non_admin_cannot_get_users" time="0.450" /><testcase classname="backend.tests.test_admin_portfolio.TestAdminUsers" name="test_admin_can_delete_non_admin_user" time="0.926" /><testcase classname="backend.tests.test_admin_portfolio.TestAdminUsers" name="test_admin_cannot_delete_admin_user" time="0.498" /><testcase classname="backend.tests.test_admin_portfolio.TestAdminUsers" name="test_non_admin_cannot_delete_user" time="0.882" /><testcase classname="backend.tests.test_admin_portfolio.TestAdminStats" name="test_admin_can_get_stats" time="0.458" /><testcase classname="backend.tests.test_admin_portfolio.TestAdminStats" name="test_non_admin_cannot_get_stats" time="0.411" /><testcase classname="backend.tests.test_admin_portfolio.TestAdminChatMessages" name="test_admin_can_get_chat_messages" time="0.447" /><testcase classname="backend.tests.test_admin_portfolio.TestAdminChatMessages" name="test_admin_can_delete_chat_message" time="1.109" /><testcase classname="backend.tests.test_admin_portfolio.TestAdminChatMessages" name="test_non_admin_cannot_access_admin_chat_endpoint" time="0.528" /><testcase classname="backend.tests.test_admin_portfolio.TestPortfolioGroups" name="test_authenticated_user_can_get_portfolio_groups" time="0.390" /><testcase classname="backend.tests.test_admin_portfolio.TestPortfolioGroups" name="test_portfolio_requires_auth" time="0.176" /><testcase classname="backend.tests.test_admin_portfolio.TestPortfolioGroups" name="test_admin_can_access_portfolio" time="0.534" /><testcase classname="backend.tests.test_admin_portfolio.TestPortfolioGroups" name="test_portfolio_groups_have_positions_structure" time="0.450" /><testcase classname="backend.tests.test_admin_portfolio.TestAdminPortfolioEditor" name="test_admin_can_list_portfolios" time="0.407" /><testcase classname="backend.tests.test_admin_portfolio.TestAdminPortfolioEditor" name="test_admin_can_get_user_portfolio" time="0.512" /><testcase classname="backend.tests.test_admin_portfolio.TestAdminPortfolioEditor" name="test_admin_can_update_user_portfolio" time="0.522" /><testcase classname="backend.tests.test_admin_portfolio.TestAdminPortfolioEditor" name="test_admin_apply_to_all_users" time="1.856" /><testcase classname="backend.tests.test_admin_portfolio.TestAdminPortfolioEditor" name="test_admin_portfolio_invalid_group_fails" time="0.507" /><testcase classname="backend.tests.test_admin_portfolio.TestAdminPortfolioEditor" name="test_non_admin_cannot_access_portfolio_admin" time="0.652" /><testcase classname="backend.tests.test_analytics.TestAuthEndpoints" name="test_login_success" time="0.385" /><testcase classname="backend.tests.test_analytics.TestAuthEndpoints" name="test_login_invalid_credentials" time="0.121" /><testcase classname="backend.tests.test_analytics.TestMarketCoreEndpoint" name="test_market_core_returns_prices" time="0.124" /><testcase classname="backend.tests.test_analytics.TestMarketCoreEndpoint" name="test_market_core_has_fear_greed" time="0.145" /><testcase classname="backend.tests.test_analytics.TestMarketCoreEndpoint" name="test_market_core_has_gold" time="0.346" /><testcase classname="backend.tests.test_analytics.TestMarketCoreEndpoint" name="test_market_core_has_stablecoins" time="0.153" /><testcase classname="backend.tests.test_analytics.TestMarketCoreEndpoint" name="test_market_core_has_global_liquidity" time="0.118" /><testcase classname="backend.tests.test_analytics.TestETFIntelligenceEndpoint" name="test_etf_returns_all_funds" time="0.138" /><testcase classname="backend.tests.test_analytics.TestETFIntelligenceEndpoint" name="test_etf_has_required_fields" time="0.116" /><testcase classname="backend.tests.test_analytics.TestOnchainEndpoint" name="test_onchain_btc" time="0.144" /><testcase classname="backend.tests.test_analytics.TestOnchainEndpoint" name="test_onchain_eth" time="0.170" /><testcase classname="backend.tests.test_analytics.TestOnchainEndpoint" name="test_onchain_sol" time="0.127" /><testcase classname="backend.tests.test_analytics.TestOnchainEndpoint" name="test_onchain_default_btc" time="0.145" /><testcase classname="backend.tests.test_analytics.TestOtherAnalyticsEndpoints" name="test_derivatives_endpoint" time="0.187" /><testcase classname="backend.tests.test_analytics.TestOtherAnalyticsEndpoints" name="test_altseason_endpoint" time="0.121" /><testcase classname="backend.tests.test_analytics.TestOtherAnalyticsEndpoints" name="test_risk_engine_endpoint" time="0.128" /><testcase classname="backend.tests.test_analytics.TestOtherAnalyticsEndpoints" name="test_ai_signals_endpoint" time="0.142" /><testcase classname="backend.tests.test_analytics.TestOtherAnalyticsEndpoints" name="test_war_mode_endpoint" time="0.187" /><testcase classname="backend.tests.test_analytics.TestOtherAnalyticsEndpoints" name="test_portfolio_requires_auth" time="0.288" /><testcase classname="backend.tests.test_analytics.TestOtherAnalyticsEndpoints" name="test_portfolio_with_auth" time="0.440" /><testcase classname="backend.tests.test_knowledge_api.TestKnowledgeGet" name="test_get_all_knowledge_returns_12_articles" time="0.182" /><testcase classname="backend.tests.test_knowledge_api.TestKnowledgeGet" name="test_get_knowledge_defi_returns_3_articles" time="0.147" /><testcase classname="backend.tests.test_knowledge_api.TestKnowledgeGet" name="test_get_knowledge_perp_returns_3_articles" time="0.119" /><testcase classname="backend.tests.test_knowledge_api.TestKnowledgeGet" name="test_get_knowledge_options_returns_3_articles" time="0.365" /><testcase classname="backend.tests.test_knowledge_api.TestKnowledgeGet" name="test_get_knowledge_macro_returns_3_articles" time="0.186" /><testcase classname="backend.tests.test_knowledge_api.TestKnowledgeGet" name="test_knowledge_article_has_required_fields" time="0.107" /><testcase classname="backend.tests.test_knowledge_api.TestAdminKnowledge" name="test_admin_create_article" time="0.646" /><testcase classname="backend.tests.test_knowledge_api.TestAdminKnowledge" name="test_admin_delete_article" time="0.493" /><testcase classname="backend.tests.test_knowledge_api.TestAdminKnowledge" name="test_delete_nonexistent_article_returns_404" time="0.511" /><testcase classname="backend.tests.test_knowledge_api.TestAdminKnowledge" name="test_non_admin_cannot_create_article" time="0.476" /><testcase classname="backend.tests.test_knowledge_api.TestAdminKnowledge" name="test_non_admin_cannot_delete_article" time="0.493" /><testcase classname="backend.tests.test_knowledge_api.TestAdminPortfolioAPI" name="test_admin_list_portfolios" time="0.485" /><testcase classname="backend.tests.test_knowledge_api.TestAdminPortfolioAPI" name="test_admin_get_user_portfolio" time="0.610" /><testcase classname="backend.tests.test_knowledge_api.TestAdminPortfolioAPI" name="test_admin_update_portfolio" time="0.959" /><testcase classname="backend.tests.test_knowledge_api.TestAdminPortfolioAPI" name="test_admin_portfolio_invalid_group" time="0.514" /><testcase classname="backend.tests.test_knowledge_api.TestAdminPortfolioAPI" name="test_non_admin_cannot_access_portfolios" time="0.405" /><testcase classname="backend.tests.test_knowledge_api.TestAdminPortfolioAPI" name="test_non_admin_cannot_update_portfolio" time="0.470" /></testsuite></testsuites>