<?xml version="1.0" encoding="utf-8"?><testsuites name="pytest tests"><testsuite name="pytest" errors="0" failures="1" skipped="0" tests="59" time="22.136" timestamp="2026-02-26T16:06:02.988251+00:00" hostname="agent-env-ff0846e5-e7a7-4d56-82c9-0a2e1de42f83"><testcase classname="tests.test_admin_portfolio.TestAdminAuth" name="test_admin_login_returns_role_admin" time="0.613" /><testcase classname="tests.test_admin_portfolio.TestAdminAuth" name="test_regular_user_login_returns_role_user" time="0.407" /><testcase classname="tests.test_admin_portfolio.TestAdminUsers" name="test_admin_can_get_users_list" time="0.387" /><testcase classname="tests.test_admin_portfolio.TestAdminUsers" name="test_non_admin_cannot_get_users" time="0.415" /><testcase classname="tests.test_admin_portfolio.TestAdminUsers" name="test_admin_can_delete_non_admin_user" time="0.919" /><testcase classname="tests.test_admin_portfolio.TestAdminUsers" name="test_admin_cannot_delete_admin_user" time="0.460" /><testcase classname="tests.test_admin_portfolio.TestAdminUsers" name="test_non_admin_cannot_delete_user" time="0.821" /><testcase classname="tests.test_admin_portfolio.TestAdminStats" name="test_admin_can_get_stats" time="0.416" /><testcase classname="tests.test_admin_portfolio.TestAdminStats" name="test_non_admin_cannot_get_stats" time="0.505" /><testcase classname="tests.test_admin_portfolio.TestAdminChatMessages" name="test_admin_can_get_chat_messages" time="0.430" /><testcase classname="tests.test_admin_portfolio.TestAdminChatMessages" name="test_admin_can_delete_chat_message" time="1.115" /><testcase classname="tests.test_admin_portfolio.TestAdminChatMessages" name="test_non_admin_cannot_access_admin_chat_endpoint" time="0.412" /><testcase classname="tests.test_admin_portfolio.TestPortfolioGroups" name="test_authenticated_user_can_get_portfolio_groups" time="0.436" /><testcase classname="tests.test_admin_portfolio.TestPortfolioGroups" name="test_portfolio_requires_auth" time="0.105" /><testcase classname="tests.test_admin_portfolio.TestPortfolioGroups" name="test_admin_can_access_portfolio" time="0.564" /><testcase classname="tests.test_admin_portfolio.TestPortfolioGroups" name="test_portfolio_groups_have_correct_positions" time="0.550"><failure message="AssertionError: assert 'BTC' in ['DAVA']">tests/test_admin_portfolio.py:338: in test_portfolio_groups_have_correct_positions
    assert "BTC" in hold_assets
E   AssertionError: assert 'BTC' in ['DAVA']</failure></testcase><testcase classname="tests.test_admin_portfolio.TestAdminPortfolioEditor" name="test_admin_can_list_portfolios" time="0.409" /><testcase classname="tests.test_admin_portfolio.TestAdminPortfolioEditor" name="test_admin_can_get_user_portfolio" time="0.542" /><testcase classname="tests.test_admin_portfolio.TestAdminPortfolioEditor" name="test_admin_can_update_user_portfolio" time="0.541" /><testcase classname="tests.test_admin_portfolio.TestAdminPortfolioEditor" name="test_admin_apply_to_all_users" time="0.662" /><testcase classname="tests.test_admin_portfolio.TestAdminPortfolioEditor" name="test_admin_portfolio_invalid_group_fails" time="0.610" /><testcase classname="tests.test_admin_portfolio.TestAdminPortfolioEditor" name="test_non_admin_cannot_access_portfolio_admin" time="0.433" /><testcase classname="tests.test_analytics.TestAuthEndpoints" name="test_login_success" time="0.343" /><testcase classname="tests.test_analytics.TestAuthEndpoints" name="test_login_invalid_credentials" time="0.185" /><testcase classname="tests.test_analytics.TestMarketCoreEndpoint" name="test_market_core_returns_prices" time="0.152" /><testcase classname="tests.test_analytics.TestMarketCoreEndpoint" name="test_market_core_has_fear_greed" time="0.135" /><testcase classname="tests.test_analytics.TestMarketCoreEndpoint" name="test_market_core_has_gold" time="0.168" /><testcase classname="tests.test_analytics.TestMarketCoreEndpoint" name="test_market_core_has_stablecoins" time="0.187" /><testcase classname="tests.test_analytics.TestMarketCoreEndpoint" name="test_market_core_has_global_liquidity" time="0.123" /><testcase classname="tests.test_analytics.TestETFIntelligenceEndpoint" name="test_etf_returns_all_funds" time="0.122" /><testcase classname="tests.test_analytics.TestETFIntelligenceEndpoint" name="test_etf_has_required_fields" time="0.124" /><testcase classname="tests.test_analytics.TestOnchainEndpoint" name="test_onchain_btc" time="0.110" /><testcase classname="tests.test_analytics.TestOnchainEndpoint" name="test_onchain_eth" time="0.114" /><testcase classname="tests.test_analytics.TestOnchainEndpoint" name="test_onchain_sol" time="0.112" /><testcase classname="tests.test_analytics.TestOnchainEndpoint" name="test_onchain_default_btc" time="0.109" /><testcase classname="tests.test_analytics.TestOtherAnalyticsEndpoints" name="test_derivatives_endpoint" time="0.148" /><testcase classname="tests.test_analytics.TestOtherAnalyticsEndpoints" name="test_altseason_endpoint" time="0.121" /><testcase classname="tests.test_analytics.TestOtherAnalyticsEndpoints" name="test_risk_engine_endpoint" time="0.147" /><testcase classname="tests.test_analytics.TestOtherAnalyticsEndpoints" name="test_ai_signals_endpoint" time="0.177" /><testcase classname="tests.test_analytics.TestOtherAnalyticsEndpoints" name="test_war_mode_endpoint" time="0.154" /><testcase classname="tests.test_analytics.TestOtherAnalyticsEndpoints" name="test_portfolio_requires_auth" time="0.177" /><testcase classname="tests.test_analytics.TestOtherAnalyticsEndpoints" name="test_portfolio_with_auth" time="0.411" /><testcase classname="tests.test_knowledge_api.TestKnowledgeGet" name="test_get_all_knowledge_returns_12_articles" time="0.238" /><testcase classname="tests.test_knowledge_api.TestKnowledgeGet" name="test_get_knowledge_defi_returns_3_articles" time="0.166" /><testcase classname="tests.test_knowledge_api.TestKnowledgeGet" name="test_get_knowledge_perp_returns_3_articles" time="0.104" /><testcase classname="tests.test_knowledge_api.TestKnowledgeGet" name="test_get_knowledge_options_returns_3_articles" time="0.127" /><testcase classname="tests.test_knowledge_api.TestKnowledgeGet" name="test_get_knowledge_macro_returns_3_articles" time="0.161" /><testcase classname="tests.test_knowledge_api.TestKnowledgeGet" name="test_knowledge_article_has_required_fields" time="0.329" /><testcase classname="tests.test_knowledge_api.TestAdminKnowledge" name="test_admin_create_article" time="0.581" /><testcase classname="tests.test_knowledge_api.TestAdminKnowledge" name="test_admin_delete_article" time="0.623" /><testcase classname="tests.test_knowledge_api.TestAdminKnowledge" name="test_delete_nonexistent_article_returns_404" time="0.458" /><testcase classname="tests.test_knowledge_api.TestAdminKnowledge" name="test_non_admin_cannot_create_article" time="0.445" /><testcase classname="tests.test_knowledge_api.TestAdminKnowledge" name="test_non_admin_cannot_delete_article" time="0.492" /><testcase classname="tests.test_knowledge_api.TestAdminPortfolioAPI" name="test_admin_list_portfolios" time="0.403" /><testcase classname="tests.test_knowledge_api.TestAdminPortfolioAPI" name="test_admin_get_user_portfolio" time="0.515" /><testcase classname="tests.test_knowledge_api.TestAdminPortfolioAPI" name="test_admin_update_portfolio" time="0.663" /><testcase classname="tests.test_knowledge_api.TestAdminPortfolioAPI" name="test_admin_portfolio_invalid_group" time="0.456" /><testcase classname="tests.test_knowledge_api.TestAdminPortfolioAPI" name="test_non_admin_cannot_access_portfolios" time="0.688" /><testcase classname="tests.test_knowledge_api.TestAdminPortfolioAPI" name="test_non_admin_cannot_update_portfolio" time="0.504" /></testsuite></testsuites>