<?xml version="1.0" encoding="utf-8"?><testsuites name="pytest tests"><testsuite name="pytest" errors="0" failures="0" skipped="0" tests="98" time="61.598" timestamp="2026-03-01T15:12:20.282916+00:00" hostname="agent-env-da7daefc-b49d-4fb8-a92d-35d7e732ab0e"><testcase classname="backend.tests.test_admin_portfolio.TestAdminAuth" name="test_admin_login_returns_role_admin" time="0.350" /><testcase classname="backend.tests.test_admin_portfolio.TestAdminAuth" name="test_regular_user_login_returns_role_user" time="0.331" /><testcase classname="backend.tests.test_admin_portfolio.TestAdminUsers" name="test_admin_can_get_users_list" time="0.377" /><testcase classname="backend.tests.test_admin_portfolio.TestAdminUsers" name="test_non_admin_cannot_get_users" time="0.412" /><testcase classname="backend.tests.test_admin_portfolio.TestAdminUsers" name="test_admin_can_delete_non_admin_user" time="0.784" /><testcase classname="backend.tests.test_admin_portfolio.TestAdminUsers" name="test_admin_cannot_delete_admin_user" time="0.480" /><testcase classname="backend.tests.test_admin_portfolio.TestAdminUsers" name="test_non_admin_cannot_delete_user" time="0.771" /><testcase classname="backend.tests.test_admin_portfolio.TestAdminStats" name="test_admin_can_get_stats" time="0.397" /><testcase classname="backend.tests.test_admin_portfolio.TestAdminStats" name="test_non_admin_cannot_get_stats" time="0.404" /><testcase classname="backend.tests.test_admin_portfolio.TestAdminChatMessages" name="test_admin_can_get_chat_messages" time="0.408" /><testcase classname="backend.tests.test_admin_portfolio.TestAdminChatMessages" name="test_admin_can_delete_chat_message" time="0.931" /><testcase classname="backend.tests.test_admin_portfolio.TestAdminChatMessages" name="test_non_admin_cannot_access_admin_chat_endpoint" time="0.397" /><testcase classname="backend.tests.test_admin_portfolio.TestPortfolioGroups" name="test_authenticated_user_can_get_portfolio_groups" time="0.386" /><testcase classname="backend.tests.test_admin_portfolio.TestPortfolioGroups" name="test_portfolio_requires_auth" time="0.103" /><testcase classname="backend.tests.test_admin_portfolio.TestPortfolioGroups" name="test_admin_can_access_portfolio" time="0.375" /><testcase classname="backend.tests.test_admin_portfolio.TestPortfolioGroups" name="test_portfolio_groups_have_positions_structure" time="0.396" /><testcase classname="backend.tests.test_admin_portfolio.TestAdminPortfolioEditor" name="test_admin_can_list_portfolios" time="0.386" /><testcase classname="backend.tests.test_admin_portfolio.TestAdminPortfolioEditor" name="test_admin_can_get_user_portfolio" time="0.439" /><testcase classname="backend.tests.test_admin_portfolio.TestAdminPortfolioEditor" name="test_admin_can_update_user_portfolio" time="0.478" /><testcase classname="backend.tests.test_admin_portfolio.TestAdminPortfolioEditor" name="test_admin_apply_to_all_users" time="0.515" /><testcase classname="backend.tests.test_admin_portfolio.TestAdminPortfolioEditor" name="test_admin_portfolio_invalid_group_fails" time="0.463" /><testcase classname="backend.tests.test_admin_portfolio.TestAdminPortfolioEditor" name="test_non_admin_cannot_access_portfolio_admin" time="0.399" /><testcase classname="backend.tests.test_analytics.TestAuthEndpoints" name="test_login_success" time="0.324" /><testcase classname="backend.tests.test_analytics.TestAuthEndpoints" name="test_login_invalid_credentials" time="0.155" /><testcase classname="backend.tests.test_analytics.TestMarketCoreEndpoint" name="test_market_core_returns_prices" time="2.115" /><testcase classname="backend.tests.test_analytics.TestMarketCoreEndpoint" name="test_market_core_has_fear_greed" time="0.173" /><testcase classname="backend.tests.test_analytics.TestMarketCoreEndpoint" name="test_market_core_has_gold" time="0.146" /><testcase classname="backend.tests.test_analytics.TestMarketCoreEndpoint" name="test_market_core_has_stablecoins" time="0.108" /><testcase classname="backend.tests.test_analytics.TestMarketCoreEndpoint" name="test_market_core_has_global_liquidity" time="0.122" /><testcase classname="backend.tests.test_analytics.TestETFIntelligenceEndpoint" name="test_etf_returns_all_funds" time="0.102" /><testcase classname="backend.tests.test_analytics.TestETFIntelligenceEndpoint" name="test_etf_has_required_fields" time="0.108" /><testcase classname="backend.tests.test_analytics.TestOnchainEndpoint" name="test_onchain_btc" time="0.108" /><testcase classname="backend.tests.test_analytics.TestOnchainEndpoint" name="test_onchain_eth" time="0.111" /><testcase classname="backend.tests.test_analytics.TestOnchainEndpoint" name="test_onchain_sol" time="0.129" /><testcase classname="backend.tests.test_analytics.TestOnchainEndpoint" name="test_onchain_default_btc" time="0.125" /><testcase classname="backend.tests.test_analytics.TestOtherAnalyticsEndpoints" name="test_derivatives_endpoint" time="0.123" /><testcase classname="backend.tests.test_analytics.TestOtherAnalyticsEndpoints" name="test_altseason_endpoint" time="0.749" /><testcase classname="backend.tests.test_analytics.TestOtherAnalyticsEndpoints" name="test_risk_engine_endpoint" time="0.164" /><testcase classname="backend.tests.test_analytics.TestOtherAnalyticsEndpoints" name="test_ai_signals_endpoint" time="0.110" /><testcase classname="backend.tests.test_analytics.TestOtherAnalyticsEndpoints" name="test_war_mode_endpoint" time="0.118" /><testcase classname="backend.tests.test_analytics.TestOtherAnalyticsEndpoints" name="test_portfolio_requires_auth" time="0.100" /><testcase classname="backend.tests.test_analytics.TestOtherAnalyticsEndpoints" name="test_portfolio_with_auth" time="0.388" /><testcase classname="backend.tests.test_knowledge_api.TestKnowledgeGet" name="test_get_all_knowledge_returns_12_articles" time="0.147" /><testcase classname="backend.tests.test_knowledge_api.TestKnowledgeGet" name="test_get_knowledge_defi_returns_3_articles" time="0.101" /><testcase classname="backend.tests.test_knowledge_api.TestKnowledgeGet" name="test_get_knowledge_perp_returns_3_articles" time="0.102" /><testcase classname="backend.tests.test_knowledge_api.TestKnowledgeGet" name="test_get_knowledge_options_returns_3_articles" time="0.104" /><testcase classname="backend.tests.test_knowledge_api.TestKnowledgeGet" name="test_get_knowledge_macro_returns_3_articles" time="0.120" /><testcase classname="backend.tests.test_knowledge_api.TestKnowledgeGet" name="test_knowledge_article_has_required_fields" time="0.110" /><testcase classname="backend.tests.test_knowledge_api.TestAdminKnowledge" name="test_admin_create_article" time="0.434" /><testcase classname="backend.tests.test_knowledge_api.TestAdminKnowledge" name="test_admin_delete_article" time="0.457" /><testcase classname="backend.tests.test_knowledge_api.TestAdminKnowledge" name="test_delete_nonexistent_article_returns_404" time="0.372" /><testcase classname="backend.tests.test_knowledge_api.TestAdminKnowledge" name="test_non_admin_cannot_create_article" time="0.408" /><testcase classname="backend.tests.test_knowledge_api.TestAdminKnowledge" name="test_non_admin_cannot_delete_article" time="0.390" /><testcase classname="backend.tests.test_knowledge_api.TestAdminPortfolioAPI" name="test_admin_list_portfolios" time="0.403" /><testcase classname="backend.tests.test_knowledge_api.TestAdminPortfolioAPI" name="test_admin_get_user_portfolio" time="0.444" /><testcase classname="backend.tests.test_knowledge_api.TestAdminPortfolioAPI" name="test_admin_update_portfolio" time="0.605" /><testcase classname="backend.tests.test_knowledge_api.TestAdminPortfolioAPI" name="test_admin_portfolio_invalid_group" time="0.498" /><testcase classname="backend.tests.test_knowledge_api.TestAdminPortfolioAPI" name="test_non_admin_cannot_access_portfolios" time="0.374" /><testcase classname="backend.tests.test_knowledge_api.TestAdminPortfolioAPI" name="test_non_admin_cannot_update_portfolio" time="0.425" /><testcase classname="backend.tests.test_real_data.TestRealPriceData" name="test_btc_price_is_realistic" time="0.116" /><testcase classname="backend.tests.test_real_data.TestRealPriceData" name="test_eth_price_has_real_fields" time="0.102" /><testcase classname="backend.tests.test_real_data.TestRealPriceData" name="test_sol_price_is_present" time="0.099" /><testcase classname="backend.tests.test_real_data.TestFearGreedIndex" name="test_fear_greed_value_is_real" time="0.115" /><testcase classname="backend.tests.test_real_data.TestFearGreedIndex" name="test_fear_greed_has_history" time="0.150" /><testcase classname="backend.tests.test_real_data.TestBTCDominanceAndMarketCap" name="test_btc_dominance_is_present" time="0.108" /><testcase classname="backend.tests.test_real_data.TestBTCDominanceAndMarketCap" name="test_total_market_cap_is_present" time="0.102" /><testcase classname="backend.tests.test_real_data.TestDefiTVL" name="test_altseason_has_defi_tvl" time="0.108" /><testcase classname="backend.tests.test_real_data.TestDefiTVL" name="test_altseason_has_tvl_change" time="0.109" /><testcase classname="backend.tests.test_real_data.TestAISignalsKeyLevels" name="test_ai_signals_key_levels_exist" time="0.101" /><testcase classname="backend.tests.test_real_data.TestAISignalsKeyLevels" name="test_ai_signals_liquidity_zones" time="0.104" /><testcase classname="backend.tests.test_real_data.TestOnchainRealPrice" name="test_onchain_btc_has_real_price" time="0.106" /><testcase classname="backend.tests.test_real_data.TestOnchainRealPrice" name="test_onchain_eth_has_real_price" time="0.107" /><testcase classname="backend.tests.test_real_data.TestUpdatedAtTimestamps" name="test_endpoint_has_updated_at[/api/analytics/market-core]" time="0.103" /><testcase classname="backend.tests.test_real_data.TestUpdatedAtTimestamps" name="test_endpoint_has_updated_at[/api/analytics/derivatives]" time="0.113" /><testcase classname="backend.tests.test_real_data.TestUpdatedAtTimestamps" name="test_endpoint_has_updated_at[/api/analytics/etf-intelligence]" time="0.121" /><testcase classname="backend.tests.test_real_data.TestUpdatedAtTimestamps" name="test_endpoint_has_updated_at[/api/analytics/onchain]" time="0.113" /><testcase classname="backend.tests.test_real_data.TestUpdatedAtTimestamps" name="test_endpoint_has_updated_at[/api/analytics/altseason]" time="0.106" /><testcase classname="backend.tests.test_real_data.TestUpdatedAtTimestamps" name="test_endpoint_has_updated_at[/api/analytics/risk-engine]" time="0.103" /><testcase classname="backend.tests.test_real_data.TestUpdatedAtTimestamps" name="test_endpoint_has_updated_at[/api/analytics/ai-signals]" time="0.101" /><testcase classname="backend.tests.test_real_data.TestUpdatedAtTimestamps" name="test_endpoint_has_updated_at[/api/analytics/war-mode]" time="0.109" /><testcase classname="backend.tests.test_real_data.TestNo500Errors" name="test_endpoint_no_500[/api/analytics/market-core]" time="0.109" /><testcase classname="backend.tests.test_real_data.TestNo500Errors" name="test_endpoint_no_500[/api/analytics/derivatives]" time="0.106" /><testcase classname="backend.tests.test_real_data.TestNo500Errors" name="test_endpoint_no_500[/api/analytics/derivatives?asset=btc]" time="0.112" /><testcase classname="backend.tests.test_real_data.TestNo500Errors" name="test_endpoint_no_500[/api/analytics/derivatives?asset=eth]" time="0.115" /><testcase classname="backend.tests.test_real_data.TestNo500Errors" name="test_endpoint_no_500[/api/analytics/derivatives?asset=sol]" time="0.104" /><testcase classname="backend.tests.test_real_data.TestNo500Errors" name="test_endpoint_no_500[/api/analytics/etf-intelligence]" time="0.103" /><testcase classname="backend.tests.test_real_data.TestNo500Errors" name="test_endpoint_no_500[/api/analytics/onchain]" time="36.083" /><testcase classname="backend.tests.test_real_data.TestNo500Errors" name="test_endpoint_no_500[/api/analytics/onchain?chain=btc]" time="0.205" /><testcase classname="backend.tests.test_real_data.TestNo500Errors" name="test_endpoint_no_500[/api/analytics/onchain?chain=eth]" time="0.099" /><testcase classname="backend.tests.test_real_data.TestNo500Errors" name="test_endpoint_no_500[/api/analytics/onchain?chain=sol]" time="0.112" /><testcase classname="backend.tests.test_real_data.TestNo500Errors" name="test_endpoint_no_500[/api/analytics/altseason]" time="0.117" /><testcase classname="backend.tests.test_real_data.TestNo500Errors" name="test_endpoint_no_500[/api/analytics/risk-engine]" time="0.124" /><testcase classname="backend.tests.test_real_data.TestNo500Errors" name="test_endpoint_no_500[/api/analytics/ai-signals]" time="0.116" /><testcase classname="backend.tests.test_real_data.TestNo500Errors" name="test_endpoint_no_500[/api/analytics/war-mode]" time="0.115" /><testcase classname="backend.tests.test_real_data.TestNo500Errors" name="test_endpoint_no_500[/api/analytics/options]" time="0.112" /><testcase classname="backend.tests.test_real_data.TestNo500Errors" name="test_endpoint_no_500[/api/analytics/sentiment]" time="0.103" /><testcase classname="backend.tests.test_real_data.TestNo500Errors" name="test_endpoint_no_500[/api/analytics/capital-flows]" time="0.122" /><testcase classname="backend.tests.test_real_data.TestCryptoPricesEndpoint" name="test_crypto_prices_endpoint" time="0.115" /></testsuite></testsuites>