<?xml version="1.0" encoding="utf-8"?><testsuites name="pytest tests"><testsuite name="pytest" errors="0" failures="0" skipped="0" tests="17" time="6.384" timestamp="2026-02-26T15:40:42.354522+00:00" hostname="agent-env-ff0846e5-e7a7-4d56-82c9-0a2e1de42f83"><testcase classname="backend.tests.test_knowledge_api.TestKnowledgeGet" name="test_get_all_knowledge_returns_12_articles" time="0.145" /><testcase classname="backend.tests.test_knowledge_api.TestKnowledgeGet" name="test_get_knowledge_defi_returns_3_articles" time="0.167" /><testcase classname="backend.tests.test_knowledge_api.TestKnowledgeGet" name="test_get_knowledge_perp_returns_3_articles" time="0.125" /><testcase classname="backend.tests.test_knowledge_api.TestKnowledgeGet" name="test_get_knowledge_options_returns_3_articles" time="0.182" /><testcase classname="backend.tests.test_knowledge_api.TestKnowledgeGet" name="test_get_knowledge_macro_returns_3_articles" time="0.155" /><testcase classname="backend.tests.test_knowledge_api.TestKnowledgeGet" name="test_knowledge_article_has_required_fields" time="0.139" /><testcase classname="backend.tests.test_knowledge_api.TestAdminKnowledge" name="test_admin_create_article" time="0.513" /><testcase classname="backend.tests.test_knowledge_api.TestAdminKnowledge" name="test_admin_delete_article" time="0.536" /><testcase classname="backend.tests.test_knowledge_api.TestAdminKnowledge" name="test_delete_nonexistent_article_returns_404" time="0.404" /><testcase classname="backend.tests.test_knowledge_api.TestAdminKnowledge" name="test_non_admin_cannot_create_article" time="0.393" /><testcase classname="backend.tests.test_knowledge_api.TestAdminKnowledge" name="test_non_admin_cannot_delete_article" time="0.472" /><testcase classname="backend.tests.test_knowledge_api.TestAdminPortfolioAPI" name="test_admin_list_portfolios" time="0.502" /><testcase classname="backend.tests.test_knowledge_api.TestAdminPortfolioAPI" name="test_admin_get_user_portfolio" time="0.529" /><testcase classname="backend.tests.test_knowledge_api.TestAdminPortfolioAPI" name="test_admin_update_portfolio" time="0.620" /><testcase classname="backend.tests.test_knowledge_api.TestAdminPortfolioAPI" name="test_admin_portfolio_invalid_group" time="0.599" /><testcase classname="backend.tests.test_knowledge_api.TestAdminPortfolioAPI" name="test_non_admin_cannot_access_portfolios" time="0.437" /><testcase classname="backend.tests.test_knowledge_api.TestAdminPortfolioAPI" name="test_non_admin_cannot_update_portfolio" time="0.432" /></testsuite></testsuites>