<?xml version="1.0" encoding="utf-8"?><testsuites name="pytest tests"><testsuite name="pytest" errors="0" failures="0" skipped="0" tests="32" time="7.366" timestamp="2026-03-03T17:48:17.970338+00:00" hostname="agent-env-2bfcec67-4885-4ad0-a1d6-9ae7f0c2a148"><testcase classname="backend.tests.test_knowledge_api.TestKnowledgeGet" name="test_get_all_knowledge_returns_19_articles" time="0.170" /><testcase classname="backend.tests.test_knowledge_api.TestKnowledgeGet" name="test_get_knowledge_defi_returns_4_articles" time="0.133" /><testcase classname="backend.tests.test_knowledge_api.TestKnowledgeGet" name="test_get_knowledge_perp_returns_4_articles" time="0.124" /><testcase classname="backend.tests.test_knowledge_api.TestKnowledgeGet" name="test_get_knowledge_options_returns_3_articles" time="0.105" /><testcase classname="backend.tests.test_knowledge_api.TestKnowledgeGet" name="test_get_knowledge_macro_returns_4_articles" time="0.110" /><testcase classname="backend.tests.test_knowledge_api.TestKnowledgeGet" name="test_get_knowledge_onchain_returns_3_articles" time="0.124" /><testcase classname="backend.tests.test_knowledge_api.TestKnowledgeGet" name="test_get_knowledge_etf_returns_1_article" time="0.102" /><testcase classname="backend.tests.test_knowledge_api.TestKnowledgeGet" name="test_knowledge_article_has_required_fields" time="0.103" /><testcase classname="backend.tests.test_knowledge_api.TestKnowledgeGet" name="test_knowledge_articles_are_in_russian" time="0.119" /><testcase classname="backend.tests.test_knowledge_api.TestAdminKnowledge" name="test_admin_create_article" time="0.471" /><testcase classname="backend.tests.test_knowledge_api.TestAdminKnowledge" name="test_admin_delete_article" time="0.445" /><testcase classname="backend.tests.test_knowledge_api.TestAdminKnowledge" name="test_delete_nonexistent_article_returns_404" time="0.378" /><testcase classname="backend.tests.test_knowledge_api.TestAdminKnowledge" name="test_non_admin_cannot_create_article" time="0.386" /><testcase classname="backend.tests.test_knowledge_api.TestAdminKnowledge" name="test_non_admin_cannot_delete_article" time="0.397" /><testcase classname="backend.tests.test_knowledge_api.TestAdminPortfolioAPI" name="test_admin_list_portfolios" time="0.407" /><testcase classname="backend.tests.test_knowledge_api.TestAdminPortfolioAPI" name="test_admin_get_user_portfolio" time="0.482" /><testcase classname="backend.tests.test_knowledge_api.TestAdminPortfolioAPI" name="test_admin_update_portfolio" time="0.556" /><testcase classname="backend.tests.test_knowledge_api.TestAdminPortfolioAPI" name="test_admin_portfolio_invalid_group" time="0.447" /><testcase classname="backend.tests.test_knowledge_api.TestAdminPortfolioAPI" name="test_non_admin_cannot_access_portfolios" time="0.406" /><testcase classname="backend.tests.test_knowledge_api.TestAdminPortfolioAPI" name="test_non_admin_cannot_update_portfolio" time="0.422" /><testcase classname="backend.tests.test_termlink_mappings.TestTermLinkMappings" name="test_all_article_ids_exist" time="0.112" /><testcase classname="backend.tests.test_termlink_mappings.TestTermLinkMappings" name="test_defi_articles_exist" time="0.132" /><testcase classname="backend.tests.test_termlink_mappings.TestTermLinkMappings" name="test_perp_articles_exist" time="0.126" /><testcase classname="backend.tests.test_termlink_mappings.TestTermLinkMappings" name="test_options_articles_exist" time="0.115" /><testcase classname="backend.tests.test_termlink_mappings.TestTermLinkMappings" name="test_macro_articles_exist" time="0.114" /><testcase classname="backend.tests.test_termlink_mappings.TestTermLinkMappings" name="test_onchain_articles_exist" time="0.111" /><testcase classname="backend.tests.test_termlink_mappings.TestTermLinkMappings" name="test_etf_articles_exist" time="0.104" /><testcase classname="backend.tests.test_termlink_mappings.TestTermLinkArticleContent" name="test_fear_greed_article_content" time="0.148" /><testcase classname="backend.tests.test_termlink_mappings.TestTermLinkArticleContent" name="test_tvl_article_content" time="0.114" /><testcase classname="backend.tests.test_termlink_mappings.TestTermLinkArticleContent" name="test_funding_rate_article_content" time="0.140" /><testcase classname="backend.tests.test_termlink_mappings.TestTermLinkArticleContent" name="test_sopr_article_content" time="0.106" /><testcase classname="backend.tests.test_termlink_mappings.TestTermLinkArticleContent" name="test_etf_article_content" time="0.099" /></testsuite></testsuites>