<?xml version="1.0" encoding="utf-8"?><testsuites name="pytest tests"><testsuite name="pytest" errors="0" failures="0" skipped="0" tests="20" time="3.223" timestamp="2026-02-26T14:20:46.163597+00:00" hostname="agent-env-ff0846e5-e7a7-4d56-82c9-0a2e1de42f83"><testcase classname="backend.tests.test_analytics.TestAuthEndpoints" name="test_login_success" time="0.424" /><testcase classname="backend.tests.test_analytics.TestAuthEndpoints" name="test_login_invalid_credentials" time="0.135" /><testcase classname="backend.tests.test_analytics.TestMarketCoreEndpoint" name="test_market_core_returns_prices" time="0.106" /><testcase classname="backend.tests.test_analytics.TestMarketCoreEndpoint" name="test_market_core_has_fear_greed" time="0.108" /><testcase classname="backend.tests.test_analytics.TestMarketCoreEndpoint" name="test_market_core_has_gold" time="0.144" /><testcase classname="backend.tests.test_analytics.TestMarketCoreEndpoint" name="test_market_core_has_stablecoins" time="0.136" /><testcase classname="backend.tests.test_analytics.TestMarketCoreEndpoint" name="test_market_core_has_global_liquidity" time="0.131" /><testcase classname="backend.tests.test_analytics.TestETFIntelligenceEndpoint" name="test_etf_returns_all_funds" time="0.118" /><testcase classname="backend.tests.test_analytics.TestETFIntelligenceEndpoint" name="test_etf_has_required_fields" time="0.112" /><testcase classname="backend.tests.test_analytics.TestOnchainEndpoint" name="test_onchain_btc" time="0.142" /><testcase classname="backend.tests.test_analytics.TestOnchainEndpoint" name="test_onchain_eth" time="0.115" /><testcase classname="backend.tests.test_analytics.TestOnchainEndpoint" name="test_onchain_sol" time="0.106" /><testcase classname="backend.tests.test_analytics.TestOnchainEndpoint" name="test_onchain_default_btc" time="0.140" /><testcase classname="backend.tests.test_analytics.TestOtherAnalyticsEndpoints" name="test_derivatives_endpoint" time="0.136" /><testcase classname="backend.tests.test_analytics.TestOtherAnalyticsEndpoints" name="test_altseason_endpoint" time="0.108" /><testcase classname="backend.tests.test_analytics.TestOtherAnalyticsEndpoints" name="test_risk_engine_endpoint" time="0.232" /><testcase classname="backend.tests.test_analytics.TestOtherAnalyticsEndpoints" name="test_ai_signals_endpoint" time="0.117" /><testcase classname="backend.tests.test_analytics.TestOtherAnalyticsEndpoints" name="test_war_mode_endpoint" time="0.139" /><testcase classname="backend.tests.test_analytics.TestOtherAnalyticsEndpoints" name="test_portfolio_requires_auth" time="0.120" /><testcase classname="backend.tests.test_analytics.TestOtherAnalyticsEndpoints" name="test_portfolio_with_auth" time="0.391" /></testsuite></testsuites>